{
  "stats": {
    "suites": 3,
    "tests": 1,
    "passes": 1,
    "pending": 0,
    "failures": 0,
    "start": "2026-02-25T11:59:01.134Z",
    "end": "2026-02-25T11:59:07.270Z",
    "duration": 6136,
    "testsRegistered": 1,
    "passPercent": 100,
    "pendingPercent": 0,
    "other": 0,
    "hasOther": false,
    "skipped": 0,
    "hasSkipped": false
  },
  "results": [
    {
      "uuid": "f3b7c88b-f584-46b7-a0ff-2ddb426a8292",
      "title": "",
      "fullFile": "cypress\\e2e\\practice\\search-elements.cy.js",
      "file": "cypress\\e2e\\practice\\search-elements.cy.js",
      "beforeHooks": [],
      "afterHooks": [],
      "tests": [],
      "suites": [
        {
          "uuid": "50ee020b-a48c-43aa-95b5-c26a1f050cc6",
          "title": "search elements",
          "fullFile": "",
          "file": "",
          "beforeHooks": [],
          "afterHooks": [],
          "tests": [],
          "suites": [
            {
              "uuid": "e771ee8c-4bfb-4837-9ec7-b24b31b1399b",
              "title": "multiple element",
              "fullFile": "",
              "file": "",
              "beforeHooks": [],
              "afterHooks": [],
              "tests": [],
              "suites": [
                {
                  "uuid": "33c009c4-5293-4e2b-a530-9ed155adcf9a",
                  "title": "Advanced",
                  "fullFile": "",
                  "file": "",
                  "beforeHooks": [],
                  "afterHooks": [],
                  "tests": [
                    {
                      "title": "alias",
                      "fullTitle": "search elements multiple element Advanced alias",
                      "timedOut": null,
                      "duration": 5936,
                      "state": "passed",
                      "speed": "medium",
                      "pass": true,
                      "fail": false,
                      "pending": false,
                      "context": null,
                      "code": "//Wrong usage\n//const button = cy.get('.header_signin');\n//button.click();\n//Wright usage\ncy.get(\".header_signin\").as(\"signingButton\");\ncy.get(\"@signingButton\").click();",
                      "err": {},
                      "uuid": "da6795d9-68ed-43e0-ae86-14f098b076b1",
                      "parentUUID": "33c009c4-5293-4e2b-a530-9ed155adcf9a",
                      "isHook": false,
                      "skipped": false
                    }
                  ],
                  "suites": [],
                  "passes": [
                    "da6795d9-68ed-43e0-ae86-14f098b076b1"
                  ],
                  "failures": [],
                  "pending": [],
                  "skipped": [],
                  "duration": 5936,
                  "root": false,
                  "rootEmpty": false,
                  "_timeout": 2000
                }
              ],
              "passes": [],
              "failures": [],
              "pending": [],
              "skipped": [],
              "duration": 0,
              "root": false,
              "rootEmpty": false,
              "_timeout": 2000
            }
          ],
          "passes": [],
          "failures": [],
          "pending": [],
          "skipped": [],
          "duration": 0,
          "root": false,
          "rootEmpty": false,
          "_timeout": 2000
        }
      ],
      "passes": [],
      "failures": [],
      "pending": [],
      "skipped": [],
      "duration": 0,
      "root": true,
      "rootEmpty": true,
      "_timeout": 2000
    }
  ],
  "meta": {
    "mocha": {
      "version": "7.2.0"
    },
    "mochawesome": {
      "options": {
        "quiet": false,
        "reportFilename": "mochawesome",
        "saveHtml": false,
        "saveJson": true,
        "consoleReporter": "spec",
        "useInlineDiffs": false,
        "code": true
      },
      "version": "7.1.4"
    },
    "marge": {
      "options": {
        "overwrite": false,
        "html": false,
        "json": true,
        "reportDir": "cypress\\reports\\html\\.jsons"
      },
      "version": "6.3.2"
    }
  }
}