{
  "stats": {
    "suites": 7,
    "tests": 26,
    "passes": 25,
    "pending": 0,
    "failures": 1,
    "start": "2026-02-25T11:59:12.201Z",
    "end": "2026-02-25T12:00:17.881Z",
    "duration": 65680,
    "testsRegistered": 26,
    "passPercent": 96.15384615384616,
    "pendingPercent": 0,
    "other": 0,
    "hasOther": false,
    "skipped": 0,
    "hasSkipped": false
  },
  "results": [
    {
      "uuid": "10470832-a4fd-4c8c-adbf-2ed640786ecc",
      "title": "",
      "fullFile": "cypress\\e2e\\qauto\\regisration.cy.js",
      "file": "cypress\\e2e\\qauto\\regisration.cy.js",
      "beforeHooks": [],
      "afterHooks": [],
      "tests": [],
      "suites": [
        {
          "uuid": "d57add0c-fafd-4240-922e-0fd0faa3bad9",
          "title": "Registration Form",
          "fullFile": "",
          "file": "",
          "beforeHooks": [],
          "afterHooks": [],
          "tests": [],
          "suites": [
            {
              "uuid": "812b1935-12b7-4c41-ad62-f45872cb4916",
              "title": "Registration Success",
              "fullFile": "",
              "file": "",
              "beforeHooks": [],
              "afterHooks": [],
              "tests": [
                {
                  "title": "Success Registragion",
                  "fullTitle": "Registration Form Registration Success Success Registragion",
                  "timedOut": null,
                  "duration": 11851,
                  "state": "failed",
                  "speed": null,
                  "pass": false,
                  "fail": true,
                  "pending": false,
                  "context": "{\n  \"title\": \"cypress-mochawesome-reporter-screenshots\",\n  \"value\": [\n    [\n      \"\\\\qauto\\\\regisration.cy.js\\\\Registration Form -- Registration Success -- Success Registragion (failed).png\"\n    ]\n  ]\n}",
                  "code": "cy.get(\"#signupName\").type(\"Serhii\");\ncy.get(\"#signupLastName\").type(\"Fedorenko\");\ncy.get(\"#signupEmail\").type(\"fedorenkos084+test5@gmail.com\");\ncy.get(\"#signupPassword\").type(\"1234Test\");\ncy.get(\"#signupRepeatPassword\").type(\"1234Test\");\ncy.get(\".modal-content .btn-primary\").click();\ncy.get(\"h1\").should(\"have.text\", \"Garage\");",
                  "err": {
                    "message": "AssertionError: Timed out retrying after 4000ms: expected '<h1.hero-descriptor_title.display-2>' to have text 'Garage', but the text was 'Do more!'",
                    "estack": "AssertionError: Timed out retrying after 4000ms: expected '<h1.hero-descriptor_title.display-2>' to have text 'Garage', but the text was 'Do more!'\n    at Context.eval (webpack://cypress_project/./cypress/e2e/qauto/regisration.cy.js:23:19)",
                    "diff": "- 'Do more!'\n+ 'Garage'\n"
                  },
                  "uuid": "28d30c00-7ccb-4c11-928c-cf6900bf5d9d",
                  "parentUUID": "812b1935-12b7-4c41-ad62-f45872cb4916",
                  "isHook": false,
                  "skipped": false
                },
                {
                  "title": "Empty field",
                  "fullTitle": "Registration Form Registration Success Empty field",
                  "timedOut": null,
                  "duration": 2590,
                  "state": "passed",
                  "speed": "fast",
                  "pass": true,
                  "fail": false,
                  "pending": false,
                  "context": null,
                  "code": "cy.get(\"#signupName\").focus(\"\");\ncy.get(\"#signupName\").blur(\"\");\ncy.get(\".invalid-feedback\").should(\"have.text\", \"Name required\");",
                  "err": {},
                  "uuid": "2d308880-67df-4080-9303-88859f847cff",
                  "parentUUID": "812b1935-12b7-4c41-ad62-f45872cb4916",
                  "isHook": false,
                  "skipped": false
                },
                {
                  "title": "Name is invalid",
                  "fullTitle": "Registration Form Registration Success Name is invalid",
                  "timedOut": null,
                  "duration": 1532,
                  "state": "passed",
                  "speed": "fast",
                  "pass": true,
                  "fail": false,
                  "pending": false,
                  "context": null,
                  "code": "cy.get(\"#signupName\").type(\" S \");\ncy.get(\"#signupName\").blur(\"\");\ncy.get(\".invalid-feedback\").should(\"have.text\", \"Name is invalid\");",
                  "err": {},
                  "uuid": "78c7ae04-3596-42a0-9ed9-d220cc46384f",
                  "parentUUID": "812b1935-12b7-4c41-ad62-f45872cb4916",
                  "isHook": false,
                  "skipped": false
                },
                {
                  "title": "Wrong length (min)",
                  "fullTitle": "Registration Form Registration Success Wrong length (min)",
                  "timedOut": null,
                  "duration": 1860,
                  "state": "passed",
                  "speed": "fast",
                  "pass": true,
                  "fail": false,
                  "pending": false,
                  "context": null,
                  "code": "cy.get(\"#signupName\").type(\"S\");\ncy.get(\"#signupName\").blur(\"\");\ncy.get(\".invalid-feedback\").should(\"have.text\", \"Name has to be from 2 to 20 characters long\");",
                  "err": {},
                  "uuid": "d69338c5-daea-40a6-9053-6e822977e5da",
                  "parentUUID": "812b1935-12b7-4c41-ad62-f45872cb4916",
                  "isHook": false,
                  "skipped": false
                },
                {
                  "title": "Wrong length (max)",
                  "fullTitle": "Registration Form Registration Success Wrong length (max)",
                  "timedOut": null,
                  "duration": 2170,
                  "state": "passed",
                  "speed": "fast",
                  "pass": true,
                  "fail": false,
                  "pending": false,
                  "context": null,
                  "code": "const longName = \"A\".repeat(21);\ncy.get(\"#signupName\").type(longName);\ncy.get(\"#signupName\").blur(\"\");\ncy.get(\".invalid-feedback\").should(\"have.text\", \"Name has to be from 2 to 20 characters long\");",
                  "err": {},
                  "uuid": "47385d1d-3b0b-4acd-872c-a1a244583caf",
                  "parentUUID": "812b1935-12b7-4c41-ad62-f45872cb4916",
                  "isHook": false,
                  "skipped": false
                },
                {
                  "title": "Border color red ",
                  "fullTitle": "Registration Form Registration Success Border color red ",
                  "timedOut": null,
                  "duration": 3880,
                  "state": "passed",
                  "speed": "fast",
                  "pass": true,
                  "fail": false,
                  "pending": false,
                  "context": null,
                  "code": "cy.get(\"#signupName\").focus();\ncy.get(\"#signupName\").blur();\ncy.get(\"#signupName\").should(\"have.css\", \"border-color\", \"rgb(220, 53, 69)\");",
                  "err": {},
                  "uuid": "76c8146d-2adb-4e41-b932-b9e0dafade6e",
                  "parentUUID": "812b1935-12b7-4c41-ad62-f45872cb4916",
                  "isHook": false,
                  "skipped": false
                }
              ],
              "suites": [],
              "passes": [
                "2d308880-67df-4080-9303-88859f847cff",
                "78c7ae04-3596-42a0-9ed9-d220cc46384f",
                "d69338c5-daea-40a6-9053-6e822977e5da",
                "47385d1d-3b0b-4acd-872c-a1a244583caf",
                "76c8146d-2adb-4e41-b932-b9e0dafade6e"
              ],
              "failures": [
                "28d30c00-7ccb-4c11-928c-cf6900bf5d9d"
              ],
              "pending": [],
              "skipped": [],
              "duration": 23883,
              "root": false,
              "rootEmpty": false,
              "_timeout": 2000
            },
            {
              "uuid": "f8b1818f-ee39-49ab-b26a-a0508c6cca3b",
              "title": "Field Last Name",
              "fullFile": "",
              "file": "",
              "beforeHooks": [],
              "afterHooks": [],
              "tests": [
                {
                  "title": "Empty field Last Name",
                  "fullTitle": "Registration Form Field Last Name Empty field Last Name",
                  "timedOut": null,
                  "duration": 1213,
                  "state": "passed",
                  "speed": "fast",
                  "pass": true,
                  "fail": false,
                  "pending": false,
                  "context": null,
                  "code": "cy.get(\"#signupLastName\").focus(\"\");\ncy.get(\"#signupLastName\").blur(\"\");\ncy.get(\".invalid-feedback\").should(\"have.text\", \"Last name required\");",
                  "err": {},
                  "uuid": "2a3ab501-cf82-452b-b114-ac95b5678d6d",
                  "parentUUID": "f8b1818f-ee39-49ab-b26a-a0508c6cca3b",
                  "isHook": false,
                  "skipped": false
                },
                {
                  "title": "Last name is invalid",
                  "fullTitle": "Registration Form Field Last Name Last name is invalid",
                  "timedOut": null,
                  "duration": 1896,
                  "state": "passed",
                  "speed": "fast",
                  "pass": true,
                  "fail": false,
                  "pending": false,
                  "context": null,
                  "code": "cy.get(\"#signupLastName\").type(\" S \");\ncy.get(\"#signupLastName\").blur(\"\");\ncy.get(\".invalid-feedback\").should(\"have.text\", \"Last name is invalid\");",
                  "err": {},
                  "uuid": "d3def108-6383-4e4c-b5dd-67230554fd8c",
                  "parentUUID": "f8b1818f-ee39-49ab-b26a-a0508c6cca3b",
                  "isHook": false,
                  "skipped": false
                },
                {
                  "title": "LastName Wrong length (min)",
                  "fullTitle": "Registration Form Field Last Name LastName Wrong length (min)",
                  "timedOut": null,
                  "duration": 1900,
                  "state": "passed",
                  "speed": "fast",
                  "pass": true,
                  "fail": false,
                  "pending": false,
                  "context": null,
                  "code": "cy.get(\"#signupLastName\").type(\"F\");\ncy.get(\"#signupLastName\").blur(\"\");\ncy.get(\".invalid-feedback\").should(\"have.text\", \"Last name has to be from 2 to 20 characters long\");",
                  "err": {},
                  "uuid": "6cd3a2c9-8d6b-4680-94ef-86fa395a18a4",
                  "parentUUID": "f8b1818f-ee39-49ab-b26a-a0508c6cca3b",
                  "isHook": false,
                  "skipped": false
                },
                {
                  "title": "LastName Wrong length (max)",
                  "fullTitle": "Registration Form Field Last Name LastName Wrong length (max)",
                  "timedOut": null,
                  "duration": 2689,
                  "state": "passed",
                  "speed": "fast",
                  "pass": true,
                  "fail": false,
                  "pending": false,
                  "context": null,
                  "code": "const longLastName = \"B\".repeat(21);\ncy.get(\"#signupLastName\").type(longLastName);\ncy.get(\"#signupLastName\").blur(\"\");\ncy.get(\".invalid-feedback\").should(\"have.text\", \"Last name has to be from 2 to 20 characters long\");",
                  "err": {},
                  "uuid": "59d57d4a-2876-4a10-b19e-649c8378d34c",
                  "parentUUID": "f8b1818f-ee39-49ab-b26a-a0508c6cca3b",
                  "isHook": false,
                  "skipped": false
                },
                {
                  "title": "LastName Border color red ",
                  "fullTitle": "Registration Form Field Last Name LastName Border color red ",
                  "timedOut": null,
                  "duration": 4316,
                  "state": "passed",
                  "speed": "fast",
                  "pass": true,
                  "fail": false,
                  "pending": false,
                  "context": null,
                  "code": "cy.get(\"#signupLastName\").focus();\ncy.get(\"#signupLastName\").blur();\ncy.get(\"#signupLastName\").should(\"have.css\", \"border-color\", \"rgb(220, 53, 69)\");",
                  "err": {},
                  "uuid": "727000d7-3263-4cb0-b53f-ba8f5aeddfbc",
                  "parentUUID": "f8b1818f-ee39-49ab-b26a-a0508c6cca3b",
                  "isHook": false,
                  "skipped": false
                }
              ],
              "suites": [],
              "passes": [
                "2a3ab501-cf82-452b-b114-ac95b5678d6d",
                "d3def108-6383-4e4c-b5dd-67230554fd8c",
                "6cd3a2c9-8d6b-4680-94ef-86fa395a18a4",
                "59d57d4a-2876-4a10-b19e-649c8378d34c",
                "727000d7-3263-4cb0-b53f-ba8f5aeddfbc"
              ],
              "failures": [],
              "pending": [],
              "skipped": [],
              "duration": 12014,
              "root": false,
              "rootEmpty": false,
              "_timeout": 2000
            },
            {
              "uuid": "37232456-6159-4786-85fe-229aa7f3b606",
              "title": "Field Email",
              "fullFile": "",
              "file": "",
              "beforeHooks": [],
              "afterHooks": [],
              "tests": [
                {
                  "title": "Empty field Email",
                  "fullTitle": "Registration Form Field Email Empty field Email",
                  "timedOut": null,
                  "duration": 1252,
                  "state": "passed",
                  "speed": "fast",
                  "pass": true,
                  "fail": false,
                  "pending": false,
                  "context": null,
                  "code": "cy.get(\"#signupEmail\").focus(\"\");\ncy.get(\"#signupEmail\").blur(\"\");\ncy.get(\".invalid-feedback\").should(\"have.text\", \"Email required\");",
                  "err": {},
                  "uuid": "8d8ed412-dfc2-45f2-9a1f-23e66333f0cc",
                  "parentUUID": "37232456-6159-4786-85fe-229aa7f3b606",
                  "isHook": false,
                  "skipped": false
                },
                {
                  "title": "Email is incorrect",
                  "fullTitle": "Registration Form Field Email Email is incorrect",
                  "timedOut": null,
                  "duration": 1478,
                  "state": "passed",
                  "speed": "fast",
                  "pass": true,
                  "fail": false,
                  "pending": false,
                  "context": null,
                  "code": "cy.get(\"#signupEmail\").type(\"serg@gmail\");\ncy.get(\"#signupEmail\").blur(\"\");\ncy.get(\".invalid-feedback\").should(\"have.text\", \"Email is incorrect\");",
                  "err": {},
                  "uuid": "8e70ee90-7253-4cf5-a4b9-f36258304912",
                  "parentUUID": "37232456-6159-4786-85fe-229aa7f3b606",
                  "isHook": false,
                  "skipped": false
                },
                {
                  "title": "LastName Border color red ",
                  "fullTitle": "Registration Form Field Email LastName Border color red ",
                  "timedOut": null,
                  "duration": 3570,
                  "state": "passed",
                  "speed": "fast",
                  "pass": true,
                  "fail": false,
                  "pending": false,
                  "context": null,
                  "code": "cy.get(\"#signupEmail\").focus();\ncy.get(\"#signupEmail\").blur();\ncy.get(\"#signupEmail\").should(\"have.css\", \"border-color\", \"rgb(220, 53, 69)\");",
                  "err": {},
                  "uuid": "12198557-4e09-4082-8798-c07f3584e16b",
                  "parentUUID": "37232456-6159-4786-85fe-229aa7f3b606",
                  "isHook": false,
                  "skipped": false
                }
              ],
              "suites": [],
              "passes": [
                "8d8ed412-dfc2-45f2-9a1f-23e66333f0cc",
                "8e70ee90-7253-4cf5-a4b9-f36258304912",
                "12198557-4e09-4082-8798-c07f3584e16b"
              ],
              "failures": [],
              "pending": [],
              "skipped": [],
              "duration": 6300,
              "root": false,
              "rootEmpty": false,
              "_timeout": 2000
            },
            {
              "uuid": "64bfcf29-7642-48df-8a24-fde99fa97337",
              "title": "Field Password",
              "fullFile": "",
              "file": "",
              "beforeHooks": [],
              "afterHooks": [],
              "tests": [
                {
                  "title": "Password required",
                  "fullTitle": "Registration Form Field Password Password required",
                  "timedOut": null,
                  "duration": 1029,
                  "state": "passed",
                  "speed": "fast",
                  "pass": true,
                  "fail": false,
                  "pending": false,
                  "context": null,
                  "code": "cy.get(\"#signupPassword\").focus(\"\");\ncy.get(\"#signupPassword\").blur(\"\");\ncy.get(\".invalid-feedback\").should(\"have.text\", \"Password required\");",
                  "err": {},
                  "uuid": "0961d733-cd11-4031-997a-177c206a5916",
                  "parentUUID": "64bfcf29-7642-48df-8a24-fde99fa97337",
                  "isHook": false,
                  "skipped": false
                },
                {
                  "title": "Password is shorter than 8 characters",
                  "fullTitle": "Registration Form Field Password Password is shorter than 8 characters",
                  "timedOut": null,
                  "duration": 830,
                  "state": "passed",
                  "speed": "fast",
                  "pass": true,
                  "fail": false,
                  "pending": false,
                  "context": null,
                  "code": "cy.get(\"#signupPassword\").type(\"Aa1\");\ncy.get(\"#signupPassword\").blur(\"\");\ncy.get(\".invalid-feedback\").should(\"have.text\", \"Password has to be from 8 to 15 characters long and contain at least one integer, one capital, and one small letter\");",
                  "err": {},
                  "uuid": "7b5db589-cdfc-47e9-911f-0af1a7e0d328",
                  "parentUUID": "64bfcf29-7642-48df-8a24-fde99fa97337",
                  "isHook": false,
                  "skipped": false
                },
                {
                  "title": "Password is longer than 15 characters",
                  "fullTitle": "Registration Form Field Password Password is longer than 15 characters",
                  "timedOut": null,
                  "duration": 1263,
                  "state": "passed",
                  "speed": "fast",
                  "pass": true,
                  "fail": false,
                  "pending": false,
                  "context": null,
                  "code": "const longPass = \"Aa1\" + \"a\".repeat(13); // 16 символів\ncy.get(\"#signupPassword\").type(longPass);\ncy.get(\"#signupPassword\").blur(\"\");\ncy.get(\".invalid-feedback\").should(\"have.text\", \"Password has to be from 8 to 15 characters long and contain at least one integer, one capital, and one small letter\");",
                  "err": {},
                  "uuid": "b14c4546-b084-426a-92bd-5747409e333d",
                  "parentUUID": "64bfcf29-7642-48df-8a24-fde99fa97337",
                  "isHook": false,
                  "skipped": false
                },
                {
                  "title": "Password has no integer",
                  "fullTitle": "Registration Form Field Password Password has no integer",
                  "timedOut": null,
                  "duration": 1078,
                  "state": "passed",
                  "speed": "fast",
                  "pass": true,
                  "fail": false,
                  "pending": false,
                  "context": null,
                  "code": "cy.get(\"#signupPassword\").type(\"PasswordA\");\ncy.get(\"#signupPassword\").blur(\"\");\ncy.get(\".invalid-feedback\").should(\"have.text\", \"Password has to be from 8 to 15 characters long and contain at least one integer, one capital, and one small letter\");",
                  "err": {},
                  "uuid": "14eadb43-984a-410f-ac09-5c939e403ae5",
                  "parentUUID": "64bfcf29-7642-48df-8a24-fde99fa97337",
                  "isHook": false,
                  "skipped": false
                },
                {
                  "title": "Password has no capital letter",
                  "fullTitle": "Registration Form Field Password Password has no capital letter",
                  "timedOut": null,
                  "duration": 1310,
                  "state": "passed",
                  "speed": "fast",
                  "pass": true,
                  "fail": false,
                  "pending": false,
                  "context": null,
                  "code": "cy.get(\"#signupPassword\").type(\"password1\");\ncy.get(\"#signupPassword\").blur(\"\");\ncy.get(\".invalid-feedback\").should(\"have.text\", \"Password has to be from 8 to 15 characters long and contain at least one integer, one capital, and one small letter\");",
                  "err": {},
                  "uuid": "9b7da9cd-98ad-4a84-96f9-15bf382f8055",
                  "parentUUID": "64bfcf29-7642-48df-8a24-fde99fa97337",
                  "isHook": false,
                  "skipped": false
                },
                {
                  "title": "Password has no small letter",
                  "fullTitle": "Registration Form Field Password Password has no small letter",
                  "timedOut": null,
                  "duration": 1545,
                  "state": "passed",
                  "speed": "fast",
                  "pass": true,
                  "fail": false,
                  "pending": false,
                  "context": null,
                  "code": "cy.get(\"#signupPassword\").type(\"PASSWORD1\");\ncy.get(\"#signupPassword\").blur(\"\");\ncy.get(\".invalid-feedback\").should(\"have.text\", \"Password has to be from 8 to 15 characters long and contain at least one integer, one capital, and one small letter\");",
                  "err": {},
                  "uuid": "33ec0803-caff-45e5-80d7-a3f0b1ba81db",
                  "parentUUID": "64bfcf29-7642-48df-8a24-fde99fa97337",
                  "isHook": false,
                  "skipped": false
                },
                {
                  "title": "Password Border color red ",
                  "fullTitle": "Registration Form Field Password Password Border color red ",
                  "timedOut": null,
                  "duration": 4165,
                  "state": "passed",
                  "speed": "fast",
                  "pass": true,
                  "fail": false,
                  "pending": false,
                  "context": null,
                  "code": "cy.get(\"#signupPassword\").focus();\ncy.get(\"#signupPassword\").blur();\ncy.get(\"#signupPassword\").should(\"have.css\", \"border-color\", \"rgb(220, 53, 69)\");",
                  "err": {},
                  "uuid": "7e4ba417-0559-4cb7-bbc7-05366c6cb86d",
                  "parentUUID": "64bfcf29-7642-48df-8a24-fde99fa97337",
                  "isHook": false,
                  "skipped": false
                }
              ],
              "suites": [],
              "passes": [
                "0961d733-cd11-4031-997a-177c206a5916",
                "7b5db589-cdfc-47e9-911f-0af1a7e0d328",
                "b14c4546-b084-426a-92bd-5747409e333d",
                "14eadb43-984a-410f-ac09-5c939e403ae5",
                "9b7da9cd-98ad-4a84-96f9-15bf382f8055",
                "33ec0803-caff-45e5-80d7-a3f0b1ba81db",
                "7e4ba417-0559-4cb7-bbc7-05366c6cb86d"
              ],
              "failures": [],
              "pending": [],
              "skipped": [],
              "duration": 11220,
              "root": false,
              "rootEmpty": false,
              "_timeout": 2000
            },
            {
              "uuid": "2242d0c5-1c0f-401a-bcac-045a68430280",
              "title": "Field Re-enter password",
              "fullFile": "",
              "file": "",
              "beforeHooks": [],
              "afterHooks": [],
              "tests": [
                {
                  "title": "RepeatPassword Empty field",
                  "fullTitle": "Registration Form Field Re-enter password RepeatPassword Empty field",
                  "timedOut": null,
                  "duration": 939,
                  "state": "passed",
                  "speed": "fast",
                  "pass": true,
                  "fail": false,
                  "pending": false,
                  "context": null,
                  "code": "cy.get(\"#signupRepeatPassword\").focus();\ncy.get(\"#signupRepeatPassword\").blur();\ncy.get(\".invalid-feedback\").should(\"have.text\", \"Re-enter password required\");",
                  "err": {},
                  "uuid": "7f6fe6a0-c55c-49d0-b706-b04759419ea8",
                  "parentUUID": "2242d0c5-1c0f-401a-bcac-045a68430280",
                  "isHook": false,
                  "skipped": false
                },
                {
                  "title": "Repeat password is shorter than 8 characters",
                  "fullTitle": "Registration Form Field Re-enter password Repeat password is shorter than 8 characters",
                  "timedOut": null,
                  "duration": 855,
                  "state": "passed",
                  "speed": "fast",
                  "pass": true,
                  "fail": false,
                  "pending": false,
                  "context": null,
                  "code": "cy.get(\"#signupRepeatPassword\").type(\"Bb1\");\ncy.get(\"#signupRepeatPassword\").blur(\"\");\ncy.get(\".invalid-feedback\").should(\"have.text\", \"Password has to be from 8 to 15 characters long and contain at least one integer, one capital, and one small letter\");",
                  "err": {},
                  "uuid": "20dcbc28-7531-4642-bfd9-6eb11600c848",
                  "parentUUID": "2242d0c5-1c0f-401a-bcac-045a68430280",
                  "isHook": false,
                  "skipped": false
                },
                {
                  "title": "Repeat password Border color red ",
                  "fullTitle": "Registration Form Field Re-enter password Repeat password Border color red ",
                  "timedOut": null,
                  "duration": 2987,
                  "state": "passed",
                  "speed": "fast",
                  "pass": true,
                  "fail": false,
                  "pending": false,
                  "context": null,
                  "code": "cy.get(\"#signupRepeatPassword\").focus();\ncy.get(\"#signupRepeatPassword\").blur();\ncy.get(\"#signupRepeatPassword\").should(\"have.css\", \"border-color\", \"rgb(220, 53, 69)\");",
                  "err": {},
                  "uuid": "fe925a01-b8b2-427f-bdef-e0097899b175",
                  "parentUUID": "2242d0c5-1c0f-401a-bcac-045a68430280",
                  "isHook": false,
                  "skipped": false
                }
              ],
              "suites": [],
              "passes": [
                "7f6fe6a0-c55c-49d0-b706-b04759419ea8",
                "20dcbc28-7531-4642-bfd9-6eb11600c848",
                "fe925a01-b8b2-427f-bdef-e0097899b175"
              ],
              "failures": [],
              "pending": [],
              "skipped": [],
              "duration": 4781,
              "root": false,
              "rootEmpty": false,
              "_timeout": 2000
            },
            {
              "uuid": "3ce115d8-d589-482d-84b1-5db78c36adc8",
              "title": "Button Register",
              "fullFile": "",
              "file": "",
              "beforeHooks": [],
              "afterHooks": [],
              "tests": [
                {
                  "title": "Register button should be enabled when form is valid",
                  "fullTitle": "Registration Form Button Register Register button should be enabled when form is valid",
                  "timedOut": null,
                  "duration": 2721,
                  "state": "passed",
                  "speed": "fast",
                  "pass": true,
                  "fail": false,
                  "pending": false,
                  "context": null,
                  "code": "const uniqueEmail = `test${Date.now()}@gmail.com`;\ncy.get(\"#signupName\").type(\"Serg\");\ncy.get(\"#signupLastName\").type(\"Fedorenko\");\ncy.get(\"#signupEmail\").type(uniqueEmail);\ncy.get(\"#signupPassword\").type(\"Password1\");\ncy.get(\"#signupRepeatPassword\").type(\"Password1\");\ncy.contains(\".modal-content button\", \"Register\").should(\"not.be.disabled\");",
                  "err": {},
                  "uuid": "378a8906-fc72-4ad6-9399-6d9825e98fde",
                  "parentUUID": "3ce115d8-d589-482d-84b1-5db78c36adc8",
                  "isHook": false,
                  "skipped": false
                },
                {
                  "title": "Register button should be disabled when form is Empty",
                  "fullTitle": "Registration Form Button Register Register button should be disabled when form is Empty",
                  "timedOut": null,
                  "duration": 883,
                  "state": "passed",
                  "speed": "fast",
                  "pass": true,
                  "fail": false,
                  "pending": false,
                  "context": null,
                  "code": "cy.contains(\".modal-content button\", \"Register\").should(\"be.disabled\");",
                  "err": {},
                  "uuid": "2fccd42b-c8d1-4446-a686-6fd136aa4fb3",
                  "parentUUID": "3ce115d8-d589-482d-84b1-5db78c36adc8",
                  "isHook": false,
                  "skipped": false
                }
              ],
              "suites": [],
              "passes": [
                "378a8906-fc72-4ad6-9399-6d9825e98fde",
                "2fccd42b-c8d1-4446-a686-6fd136aa4fb3"
              ],
              "failures": [],
              "pending": [],
              "skipped": [],
              "duration": 3604,
              "root": false,
              "rootEmpty": false,
              "_timeout": 2000
            }
          ],
          "passes": [],
          "failures": [],
          "pending": [],
          "skipped": [],
          "duration": 0,
          "root": false,
          "rootEmpty": false,
          "_timeout": 2000
        }
      ],
      "passes": [],
      "failures": [],
      "pending": [],
      "skipped": [],
      "duration": 0,
      "root": true,
      "rootEmpty": true,
      "_timeout": 2000
    }
  ],
  "meta": {
    "mocha": {
      "version": "7.2.0"
    },
    "mochawesome": {
      "options": {
        "quiet": false,
        "reportFilename": "mochawesome",
        "saveHtml": false,
        "saveJson": true,
        "consoleReporter": "spec",
        "useInlineDiffs": false,
        "code": true
      },
      "version": "7.1.4"
    },
    "marge": {
      "options": {
        "overwrite": false,
        "html": false,
        "json": true,
        "reportDir": "cypress\\reports\\html\\.jsons"
      },
      "version": "6.3.2"
    }
  }
}